<?xml version="1.0" encoding="UTF-8"?>
<TestRun id="2db02a52-2c06-49f5-88d5-63df9722f085" name="will@WILL-PC 2012-05-19 20:30:16" runUser="will-PC\will" xmlns="http://microsoft.com/schemas/VisualStudio/TeamTest/2010">
  <TestSettings name="本地" id="05a92402-420d-4eae-955b-b60825e53d1c">
    <Description>这些设置为本地测试运行的默认测试设置。</Description>
    <Deployment enabled="false" runDeploymentRoot="will_WILL-PC 2012-05-19 20_30_16">
      <DeploymentItem filename="G:\source\useribatis\useribatis\dll\log4net.dll" />
      <DeploymentItem filename="G:\source\useribatis\useribatis\dll\Castle.DynamicProxy.dll" />
      <DeploymentItem filename="G:\source\useribatis\useribatis\dll\IBatisNet.Common.Logging.Log4Net.dll" />
      <DeploymentItem filename="G:\source\useribatis\useribatis\dll\IBatisNet.DataAccess.dll" />
      <DeploymentItem filename="G:\source\useribatis\useribatis\dll\IBatisNet.DataMapper.dll" />
      <DeploymentItem filename="G:\source\useribatis\useribatis\bin\useribatis.dll" />
      <DeploymentItem filename="G:\source\useribatis\useribatis\dll\IBatisNet.Common.dll" />
    </Deployment>
    <Execution>
      <TestTypeSpecific />
      <AgentRule name="Execution Agents">
      </AgentRule>
    </Execution>
  </TestSettings>
  <Times creation="2012-05-19T20:30:16.3514000+08:00" queuing="2012-05-19T20:30:16.3954000+08:00" start="2012-05-19T20:30:16.4084000+08:00" finish="2012-05-19T20:30:21.3844000+08:00" />
  <ResultSummary outcome="Failed">
    <Counters total="2" executed="2" error="0" failed="1" timeout="0" aborted="0" inconclusive="1" passedButRunAborted="0" notRunnable="0" notExecuted="0" disconnected="0" warning="0" passed="0" completed="0" inProgress="0" pending="0" />
  </ResultSummary>
  <TestDefinitions>
    <UnitTest name="InsertConstructorTest" storage="g:\source\useribatis\test\bin\debug\test.dll" id="f5131641-4971-528a-16a0-b94df9891064">
      <Execution id="aa4fe6ca-7164-4be0-87c4-03f773a54c23" />
      <TestMethod codeBase="G:/source/useribatis/Test/bin/Debug/Test.DLL" adapterTypeName="Microsoft.VisualStudio.TestTools.TestTypes.Unit.UnitTestAdapter, Microsoft.VisualStudio.QualityTools.Tips.UnitTest.Adapter, Version=10.0.0.0, Culture=neutral, PublicKeyToken=b03f5f7f11d50a3a" className="Test.InsertTest, Test, Version=1.0.0.0, Culture=neutral, PublicKeyToken=null" name="InsertConstructorTest" />
      <AspNet webSiteUrl="http://localhost:61128/">
        <Host pathToWebApp="G:\source\useribatis\useribatis" webAppRoot="/" />
      </AspNet>
    </UnitTest>
    <UnitTest name="doCreateTest" storage="g:\source\useribatis\test\bin\debug\test.dll" id="05938219-74f1-b0a6-a1e0-f8c5dcd46936">
      <Execution id="7b3d2a5b-c736-41cc-8901-9a4183a27017" />
      <TestMethod codeBase="G:/source/useribatis/Test/bin/Debug/Test.DLL" adapterTypeName="Microsoft.VisualStudio.TestTools.TestTypes.Unit.UnitTestAdapter, Microsoft.VisualStudio.QualityTools.Tips.UnitTest.Adapter, Version=10.0.0.0, Culture=neutral, PublicKeyToken=b03f5f7f11d50a3a" className="Test.InsertTest, Test, Version=1.0.0.0, Culture=neutral, PublicKeyToken=null" name="doCreateTest" />
      <AspNet webSiteUrl="http://localhost:61128/">
        <Host pathToWebApp="G:\source\useribatis\useribatis" webAppRoot="/" />
      </AspNet>
    </UnitTest>
  </TestDefinitions>
  <TestLists>
    <TestList name="列表中未列出的结果" id="8c84fa94-04c1-424b-9868-57a2d4851a1d" />
    <TestList name="所有已加载的结果" id="19431567-8539-422a-85d7-44ee4e166bda" />
  </TestLists>
  <TestEntries>
    <TestEntry testId="05938219-74f1-b0a6-a1e0-f8c5dcd46936" executionId="7b3d2a5b-c736-41cc-8901-9a4183a27017" testListId="8c84fa94-04c1-424b-9868-57a2d4851a1d" />
    <TestEntry testId="f5131641-4971-528a-16a0-b94df9891064" executionId="aa4fe6ca-7164-4be0-87c4-03f773a54c23" testListId="8c84fa94-04c1-424b-9868-57a2d4851a1d" />
  </TestEntries>
  <Results>
    <UnitTestResult executionId="7b3d2a5b-c736-41cc-8901-9a4183a27017" testId="05938219-74f1-b0a6-a1e0-f8c5dcd46936" testName="doCreateTest" computerName="WILL-PC" duration="00:00:00.1956155" startTime="2012-05-19T20:30:16.4274000+08:00" endTime="2012-05-19T20:30:21.1624000+08:00" testType="13cdc9d9-ddb5-4fa4-a97d-d965ccfc6d4b" outcome="Failed" testListId="8c84fa94-04c1-424b-9868-57a2d4851a1d" relativeResultsDirectory="7b3d2a5b-c736-41cc-8901-9a4183a27017">
      <Output>
        <ErrorInfo>
          <Message>测试方法 Test.InsertTest.doCreateTest 引发了异常: 
IBatisNet.DataMapper.Exceptions.DataMapperException: This SQL map does not contain a MappedStatement named Student.create</Message>
          <StackTrace>    在 IBatisNet.DataMapper.SqlMapper.GetMappedStatement(String id)
   在 IBatisNet.DataMapper.SqlMapper.Insert(String statementName, Object parameterObject)
   在 useribatis.Insert.doCreate() 位置 G:\source\useribatis\useribatis\Insert.cs:行号 31
   在 Test.InsertTest.doCreateTest() 位置 G:\source\useribatis\Test\InsertTest.cs:行号 81
</StackTrace>
        </ErrorInfo>
      </Output>
    </UnitTestResult>
    <UnitTestResult executionId="aa4fe6ca-7164-4be0-87c4-03f773a54c23" testId="f5131641-4971-528a-16a0-b94df9891064" testName="InsertConstructorTest" computerName="WILL-PC" duration="00:00:00.0528088" startTime="2012-05-19T20:30:21.1684000+08:00" endTime="2012-05-19T20:30:21.3074000+08:00" testType="13cdc9d9-ddb5-4fa4-a97d-d965ccfc6d4b" outcome="Inconclusive" testListId="8c84fa94-04c1-424b-9868-57a2d4851a1d" relativeResultsDirectory="aa4fe6ca-7164-4be0-87c4-03f773a54c23">
      <Output>
        <ErrorInfo>
          <Message>Assert.Inconclusive 失败。TODO: 实现用来验证目标的代码</Message>
          <StackTrace>   在 Test.InsertTest.InsertConstructorTest() 位置 G:\source\useribatis\Test\InsertTest.cs:行号 98
</StackTrace>
        </ErrorInfo>
      </Output>
    </UnitTestResult>
  </Results>
</TestRun>